<?xml version="1.0" encoding="UTF-8"?>
<testng-results skipped="0" failed="0" ignored="0" total="4" passed="4">
  <reporter-output>
  </reporter-output>
  <suite name="com.amaysim.cart.ShoppingTest" duration-ms="80" started-at="2017-05-08T18:15:41Z" finished-at="2017-05-08T18:15:41Z">
    <groups>
    </groups>
    <test name="Command line test" duration-ms="80" started-at="2017-05-08T18:15:41Z" finished-at="2017-05-08T18:15:41Z">
      <class name="com.amaysim.cart.ShoppingTest">
        <test-method status="PASS" signature="setUp()[pri:0, instance:com.amaysim.cart.ShoppingTest@7d417077]" name="setUp" is-config="true" duration-ms="28" started-at="2017-05-09T02:15:41Z" finished-at="2017-05-09T02:15:41Z">
          <reporter-output>
          </reporter-output>
        </test-method> <!-- setUp -->
        <test-method status="PASS" signature="calculateScenario1()[pri:0, instance:com.amaysim.cart.ShoppingTest@7d417077]" name="calculateScenario1" duration-ms="7" started-at="2017-05-09T02:15:41Z" finished-at="2017-05-09T02:15:41Z">
          <reporter-output>
          </reporter-output>
        </test-method> <!-- calculateScenario1 -->
        <test-method status="PASS" signature="calculateScenario2()[pri:0, instance:com.amaysim.cart.ShoppingTest@7d417077]" name="calculateScenario2" duration-ms="1" started-at="2017-05-09T02:15:41Z" finished-at="2017-05-09T02:15:41Z">
          <reporter-output>
          </reporter-output>
        </test-method> <!-- calculateScenario2 -->
        <test-method status="PASS" signature="calculateScenario3()[pri:0, instance:com.amaysim.cart.ShoppingTest@7d417077]" name="calculateScenario3" duration-ms="1" started-at="2017-05-09T02:15:41Z" finished-at="2017-05-09T02:15:41Z">
          <reporter-output>
          </reporter-output>
        </test-method> <!-- calculateScenario3 -->
        <test-method status="PASS" signature="calculateScenario4()[pri:0, instance:com.amaysim.cart.ShoppingTest@7d417077]" name="calculateScenario4" duration-ms="1" started-at="2017-05-09T02:15:41Z" finished-at="2017-05-09T02:15:41Z">
          <reporter-output>
          </reporter-output>
        </test-method> <!-- calculateScenario4 -->
      </class> <!-- com.amaysim.cart.ShoppingTest -->
    </test> <!-- Command line test -->
  </suite> <!-- com.amaysim.cart.ShoppingTest -->
</testng-results>
